<?xml version="1.0" encoding="UTF-8"?><testrun name="TaskManagerRunnerClass" project="TaskManager-Tests" tests="3" started="3" failures="0" errors="2" ignored="2">
  <testsuite name="com.ctli.it.qa.taskmanager.tests.TaskManagerRunnerClass" time="0.807">
    <testsuite name="Feature: Title of your feature" time="0.807">
      <testsuite name="Scenario: Title of your scenario" time="0.001" incomplete="true">
        <error>net.sf.cglib.core.CodeGenerationException: java.lang.Error--&gt;Unresolved compilation problem: 
	Syntax error on token "}", delete this token
&#13;
	at net.sf.cglib.core.ReflectUtils.newInstance(ReflectUtils.java:235)&#13;
	at net.sf.cglib.core.ReflectUtils.newInstance(ReflectUtils.java:220)&#13;
	at net.sf.cglib.core.ReflectUtils.newInstance(ReflectUtils.java:216)&#13;
	at net.sf.cglib.proxy.Enhancer.createUsingReflection(Enhancer.java:643)&#13;
	at net.sf.cglib.proxy.Enhancer.firstInstance(Enhancer.java:538)&#13;
	at net.sf.cglib.core.AbstractClassGenerator.create(AbstractClassGenerator.java:225)&#13;
	at net.sf.cglib.proxy.Enhancer.createHelper(Enhancer.java:377)&#13;
	at net.sf.cglib.proxy.Enhancer.create(Enhancer.java:285)&#13;
	at net.thucydides.core.steps.StepFactory.webEnabledStepLibrary(StepFactory.java:202)&#13;
	at net.thucydides.core.steps.StepFactory.createProxyStepLibrary(StepFactory.java:164)&#13;
	at net.thucydides.core.steps.StepFactory.instantiateNewStepLibraryFor(StepFactory.java:117)&#13;
	at net.thucydides.core.steps.StepFactory.instantiateNewStepLibraryFor(StepFactory.java:109)&#13;
	at net.thucydides.core.steps.StepFactory.getNewStepLibraryFor(StepFactory.java:77)&#13;
	at net.thucydides.core.steps.StepFactory.getStepLibraryFor(StepFactory.java:72)&#13;
	at net.thucydides.core.steps.StepAnnotations.instantiateAnyUnitiaializedSteps(StepAnnotations.java:52)&#13;
	at net.thucydides.core.steps.StepAnnotations.instanciateScenarioStepFields(StepAnnotations.java:41)&#13;
	at net.thucydides.core.steps.StepAnnotations.injectScenarioStepsInto(StepAnnotations.java:23)&#13;
	at net.serenitybdd.core.Serenity.injectScenarioStepsInto(Serenity.java:142)&#13;
	at net.serenitybdd.core.Serenity.initializeWithNoStepListener(Serenity.java:98)&#13;
	at cucumber.runtime.SerenityObjectFactory.newInstance(SerenityObjectFactory.java:68)&#13;
	at cucumber.runtime.SerenityObjectFactory.cacheNewInstance(SerenityObjectFactory.java:51)&#13;
	at cucumber.runtime.SerenityObjectFactory.getInstance(SerenityObjectFactory.java:41)&#13;
	at cucumber.runtime.java.JavaStepDefinition.execute(JavaStepDefinition.java:38)&#13;
	at cucumber.runtime.StepDefinitionMatch.runStep(StepDefinitionMatch.java:37)&#13;
	at cucumber.runtime.Runtime.runStep(Runtime.java:299)&#13;
	at cucumber.runtime.model.StepContainer.runStep(StepContainer.java:44)&#13;
	at cucumber.runtime.model.StepContainer.runSteps(StepContainer.java:39)&#13;
	at cucumber.runtime.model.CucumberScenario.run(CucumberScenario.java:44)&#13;
	at cucumber.runtime.junit.ExecutionUnitRunner.run(ExecutionUnitRunner.java:91)&#13;
	at cucumber.runtime.junit.FeatureRunner.runChild(FeatureRunner.java:63)&#13;
	at cucumber.runtime.junit.FeatureRunner.runChild(FeatureRunner.java:18)&#13;
	at org.junit.runners.ParentRunner$3.run(ParentRunner.java:290)&#13;
	at org.junit.runners.ParentRunner$1.schedule(ParentRunner.java:71)&#13;
	at org.junit.runners.ParentRunner.runChildren(ParentRunner.java:288)&#13;
	at org.junit.runners.ParentRunner.access$000(ParentRunner.java:58)&#13;
	at org.junit.runners.ParentRunner$2.evaluate(ParentRunner.java:268)&#13;
	at org.junit.runners.ParentRunner.run(ParentRunner.java:363)&#13;
	at cucumber.runtime.junit.FeatureRunner.run(FeatureRunner.java:70)&#13;
	at cucumber.api.junit.Cucumber.runChild(Cucumber.java:93)&#13;
	at cucumber.api.junit.Cucumber.runChild(Cucumber.java:37)&#13;
	at org.junit.runners.ParentRunner$3.run(ParentRunner.java:290)&#13;
	at org.junit.runners.ParentRunner$1.schedule(ParentRunner.java:71)&#13;
	at org.junit.runners.ParentRunner.runChildren(ParentRunner.java:288)&#13;
	at org.junit.runners.ParentRunner.access$000(ParentRunner.java:58)&#13;
	at org.junit.runners.ParentRunner$2.evaluate(ParentRunner.java:268)&#13;
	at org.junit.internal.runners.statements.RunBefores.evaluate(RunBefores.java:26)&#13;
	at org.junit.runners.ParentRunner.run(ParentRunner.java:363)&#13;
	at cucumber.api.junit.Cucumber.run(Cucumber.java:98)&#13;
	at org.eclipse.jdt.internal.junit4.runner.JUnit4TestReference.run(JUnit4TestReference.java:86)&#13;
	at org.eclipse.jdt.internal.junit.runner.TestExecution.run(TestExecution.java:38)&#13;
	at org.eclipse.jdt.internal.junit.runner.RemoteTestRunner.runTests(RemoteTestRunner.java:459)&#13;
	at org.eclipse.jdt.internal.junit.runner.RemoteTestRunner.runTests(RemoteTestRunner.java:675)&#13;
	at org.eclipse.jdt.internal.junit.runner.RemoteTestRunner.run(RemoteTestRunner.java:382)&#13;
	at org.eclipse.jdt.internal.junit.runner.RemoteTestRunner.main(RemoteTestRunner.java:192)&#13;
	at âœ½.Given I am logged in as a "TaskManageruser" in the Task Manager Portal(features/taskmanager.feature:8)&#13;
Caused by: java.lang.Error: Unresolved compilation problem: 
	Syntax error on token "}", delete this token
&#13;
	at com.ctli.it.qa.taskmanager.tools.steps.user.TaskManagerUserSteps.&lt;init&gt;(TaskManagerUserSteps.java:52)&#13;
	at com.ctli.it.qa.taskmanager.tools.steps.user.TaskManagerUserSteps$$EnhancerByCGLIB$$7a2e25df.&lt;init&gt;(&lt;generated&gt;)&#13;
	at sun.reflect.NativeConstructorAccessorImpl.newInstance0(Native Method)&#13;
	at sun.reflect.NativeConstructorAccessorImpl.newInstance(Unknown Source)&#13;
	at sun.reflect.DelegatingConstructorAccessorImpl.newInstance(Unknown Source)&#13;
	at java.lang.reflect.Constructor.newInstance(Unknown Source)&#13;
	at net.sf.cglib.core.ReflectUtils.newInstance(ReflectUtils.java:228)&#13;
	at net.sf.cglib.core.ReflectUtils.newInstance(ReflectUtils.java:220)&#13;
	at net.sf.cglib.core.ReflectUtils.newInstance(ReflectUtils.java:216)&#13;
	at net.sf.cglib.proxy.Enhancer.createUsingReflection(Enhancer.java:643)&#13;
	at net.sf.cglib.proxy.Enhancer.firstInstance(Enhancer.java:538)&#13;
	at net.sf.cglib.core.AbstractClassGenerator.create(AbstractClassGenerator.java:225)&#13;
	at net.sf.cglib.proxy.Enhancer.createHelper(Enhancer.java:377)&#13;
	at net.sf.cglib.proxy.Enhancer.create(Enhancer.java:285)&#13;
	at net.thucydides.core.steps.StepFactory.webEnabledStepLibrary(StepFactory.java:202)&#13;
	at net.thucydides.core.steps.StepFactory.createProxyStepLibrary(StepFactory.java:164)&#13;
	at net.thucydides.core.steps.StepFactory.instantiateNewStepLibraryFor(StepFactory.java:117)&#13;
	at net.thucydides.core.steps.StepFactory.instantiateNewStepLibraryFor(StepFactory.java:109)&#13;
	at net.thucydides.core.steps.StepFactory.getNewStepLibraryFor(StepFactory.java:77)&#13;
	at net.thucydides.core.steps.StepFactory.getStepLibraryFor(StepFactory.java:72)&#13;
	at net.thucydides.core.steps.StepAnnotations.instantiateAnyUnitiaializedSteps(StepAnnotations.java:52)&#13;
	at net.thucydides.core.steps.StepAnnotations.instanciateScenarioStepFields(StepAnnotations.java:41)&#13;
	at net.thucydides.core.steps.StepAnnotations.injectScenarioStepsInto(StepAnnotations.java:23)&#13;
	at net.serenitybdd.core.Serenity.injectScenarioStepsInto(Serenity.java:142)&#13;
	at net.serenitybdd.core.Serenity.initializeWithNoStepListener(Serenity.java:98)&#13;
	at cucumber.runtime.SerenityObjectFactory.newInstance(SerenityObjectFactory.java:68)&#13;
	at cucumber.runtime.SerenityObjectFactory.cacheNewInstance(SerenityObjectFactory.java:51)&#13;
	at cucumber.runtime.SerenityObjectFactory.getInstance(SerenityObjectFactory.java:41)&#13;
	at cucumber.runtime.java.JavaStepDefinition.execute(JavaStepDefinition.java:38)&#13;
	at cucumber.runtime.StepDefinitionMatch.runStep(StepDefinitionMatch.java:37)&#13;
	at cucumber.runtime.Runtime.runStep(Runtime.java:299)&#13;
	at cucumber.runtime.model.StepContainer.runStep(StepContainer.java:44)&#13;
	at cucumber.runtime.model.StepContainer.runSteps(StepContainer.java:39)&#13;
	at cucumber.runtime.model.CucumberScenario.run(CucumberScenario.java:44)&#13;
	at cucumber.runtime.junit.ExecutionUnitRunner.run(ExecutionUnitRunner.java:91)&#13;
	at cucumber.runtime.junit.FeatureRunner.runChild(FeatureRunner.java:63)&#13;
	at cucumber.runtime.junit.FeatureRunner.runChild(FeatureRunner.java:18)&#13;
	at org.junit.runners.ParentRunner$3.run(ParentRunner.java:290)&#13;
	at org.junit.runners.ParentRunner$1.schedule(ParentRunner.java:71)&#13;
	at org.junit.runners.ParentRunner.runChildren(ParentRunner.java:288)&#13;
	at org.junit.runners.ParentRunner.access$000(ParentRunner.java:58)&#13;
	at org.junit.runners.ParentRunner$2.evaluate(ParentRunner.java:268)&#13;
	at org.junit.runners.ParentRunner.run(ParentRunner.java:363)&#13;
	at cucumber.runtime.junit.FeatureRunner.run(FeatureRunner.java:70)&#13;
	at cucumber.api.junit.Cucumber.runChild(Cucumber.java:93)&#13;
	at cucumber.api.junit.Cucumber.runChild(Cucumber.java:37)&#13;
	at org.junit.runners.ParentRunner$3.run(ParentRunner.java:290)&#13;
	at org.junit.runners.ParentRunner$1.schedule(ParentRunner.java:71)&#13;
	at org.junit.runners.ParentRunner.runChildren(ParentRunner.java:288)&#13;
	at org.junit.runners.ParentRunner.access$000(ParentRunner.java:58)&#13;
	at org.junit.runners.ParentRunner$2.evaluate(ParentRunner.java:268)&#13;
	at org.junit.internal.runners.statements.RunBefores.evaluate(RunBefores.java:26)&#13;
	at org.junit.runners.ParentRunner.run(ParentRunner.java:363)&#13;
	at cucumber.api.junit.Cucumber.run(Cucumber.java:98)&#13;
	at org.eclipse.jdt.internal.junit4.runner.JUnit4TestReference.run(JUnit4TestReference.java:86)&#13;
	at org.eclipse.jdt.internal.junit.runner.TestExecution.run(TestExecution.java:38)&#13;
	at org.eclipse.jdt.internal.junit.runner.RemoteTestRunner.runTests(RemoteTestRunner.java:459)&#13;
	at org.eclipse.jdt.internal.junit.runner.RemoteTestRunner.runTests(RemoteTestRunner.java:675)&#13;
	at org.eclipse.jdt.internal.junit.runner.RemoteTestRunner.run(RemoteTestRunner.java:382)&#13;
	at org.eclipse.jdt.internal.junit.runner.RemoteTestRunner.main(RemoteTestRunner.java:192)&#13;
&#13;
</error>
        <testcase name="Given I am logged in as a &quot;TaskManageruser&quot; in the Task Manager Portal" classname="Scenario: Title of your scenario" time="0.001">
          <error>net.sf.cglib.core.CodeGenerationException: java.lang.Error--&gt;Unresolved compilation problem: 
	Syntax error on token "}", delete this token
&#13;
	at net.sf.cglib.core.ReflectUtils.newInstance(ReflectUtils.java:235)&#13;
	at net.sf.cglib.core.ReflectUtils.newInstance(ReflectUtils.java:220)&#13;
	at net.sf.cglib.core.ReflectUtils.newInstance(ReflectUtils.java:216)&#13;
	at net.sf.cglib.proxy.Enhancer.createUsingReflection(Enhancer.java:643)&#13;
	at net.sf.cglib.proxy.Enhancer.firstInstance(Enhancer.java:538)&#13;
	at net.sf.cglib.core.AbstractClassGenerator.create(AbstractClassGenerator.java:225)&#13;
	at net.sf.cglib.proxy.Enhancer.createHelper(Enhancer.java:377)&#13;
	at net.sf.cglib.proxy.Enhancer.create(Enhancer.java:285)&#13;
	at net.thucydides.core.steps.StepFactory.webEnabledStepLibrary(StepFactory.java:202)&#13;
	at net.thucydides.core.steps.StepFactory.createProxyStepLibrary(StepFactory.java:164)&#13;
	at net.thucydides.core.steps.StepFactory.instantiateNewStepLibraryFor(StepFactory.java:117)&#13;
	at net.thucydides.core.steps.StepFactory.instantiateNewStepLibraryFor(StepFactory.java:109)&#13;
	at net.thucydides.core.steps.StepFactory.getNewStepLibraryFor(StepFactory.java:77)&#13;
	at net.thucydides.core.steps.StepFactory.getStepLibraryFor(StepFactory.java:72)&#13;
	at net.thucydides.core.steps.StepAnnotations.instantiateAnyUnitiaializedSteps(StepAnnotations.java:52)&#13;
	at net.thucydides.core.steps.StepAnnotations.instanciateScenarioStepFields(StepAnnotations.java:41)&#13;
	at net.thucydides.core.steps.StepAnnotations.injectScenarioStepsInto(StepAnnotations.java:23)&#13;
	at net.serenitybdd.core.Serenity.injectScenarioStepsInto(Serenity.java:142)&#13;
	at net.serenitybdd.core.Serenity.initializeWithNoStepListener(Serenity.java:98)&#13;
	at cucumber.runtime.SerenityObjectFactory.newInstance(SerenityObjectFactory.java:68)&#13;
	at cucumber.runtime.SerenityObjectFactory.cacheNewInstance(SerenityObjectFactory.java:51)&#13;
	at cucumber.runtime.SerenityObjectFactory.getInstance(SerenityObjectFactory.java:41)&#13;
	at cucumber.runtime.java.JavaStepDefinition.execute(JavaStepDefinition.java:38)&#13;
	at cucumber.runtime.StepDefinitionMatch.runStep(StepDefinitionMatch.java:37)&#13;
	at cucumber.runtime.Runtime.runStep(Runtime.java:299)&#13;
	at cucumber.runtime.model.StepContainer.runStep(StepContainer.java:44)&#13;
	at cucumber.runtime.model.StepContainer.runSteps(StepContainer.java:39)&#13;
	at cucumber.runtime.model.CucumberScenario.run(CucumberScenario.java:44)&#13;
	at cucumber.runtime.junit.ExecutionUnitRunner.run(ExecutionUnitRunner.java:91)&#13;
	at cucumber.runtime.junit.FeatureRunner.runChild(FeatureRunner.java:63)&#13;
	at cucumber.runtime.junit.FeatureRunner.runChild(FeatureRunner.java:18)&#13;
	at org.junit.runners.ParentRunner$3.run(ParentRunner.java:290)&#13;
	at org.junit.runners.ParentRunner$1.schedule(ParentRunner.java:71)&#13;
	at org.junit.runners.ParentRunner.runChildren(ParentRunner.java:288)&#13;
	at org.junit.runners.ParentRunner.access$000(ParentRunner.java:58)&#13;
	at org.junit.runners.ParentRunner$2.evaluate(ParentRunner.java:268)&#13;
	at org.junit.runners.ParentRunner.run(ParentRunner.java:363)&#13;
	at cucumber.runtime.junit.FeatureRunner.run(FeatureRunner.java:70)&#13;
	at cucumber.api.junit.Cucumber.runChild(Cucumber.java:93)&#13;
	at cucumber.api.junit.Cucumber.runChild(Cucumber.java:37)&#13;
	at org.junit.runners.ParentRunner$3.run(ParentRunner.java:290)&#13;
	at org.junit.runners.ParentRunner$1.schedule(ParentRunner.java:71)&#13;
	at org.junit.runners.ParentRunner.runChildren(ParentRunner.java:288)&#13;
	at org.junit.runners.ParentRunner.access$000(ParentRunner.java:58)&#13;
	at org.junit.runners.ParentRunner$2.evaluate(ParentRunner.java:268)&#13;
	at org.junit.internal.runners.statements.RunBefores.evaluate(RunBefores.java:26)&#13;
	at org.junit.runners.ParentRunner.run(ParentRunner.java:363)&#13;
	at cucumber.api.junit.Cucumber.run(Cucumber.java:98)&#13;
	at org.eclipse.jdt.internal.junit4.runner.JUnit4TestReference.run(JUnit4TestReference.java:86)&#13;
	at org.eclipse.jdt.internal.junit.runner.TestExecution.run(TestExecution.java:38)&#13;
	at org.eclipse.jdt.internal.junit.runner.RemoteTestRunner.runTests(RemoteTestRunner.java:459)&#13;
	at org.eclipse.jdt.internal.junit.runner.RemoteTestRunner.runTests(RemoteTestRunner.java:675)&#13;
	at org.eclipse.jdt.internal.junit.runner.RemoteTestRunner.run(RemoteTestRunner.java:382)&#13;
	at org.eclipse.jdt.internal.junit.runner.RemoteTestRunner.main(RemoteTestRunner.java:192)&#13;
	at âœ½.Given I am logged in as a "TaskManageruser" in the Task Manager Portal(features/taskmanager.feature:8)&#13;
Caused by: java.lang.Error: Unresolved compilation problem: 
	Syntax error on token "}", delete this token
&#13;
	at com.ctli.it.qa.taskmanager.tools.steps.user.TaskManagerUserSteps.&lt;init&gt;(TaskManagerUserSteps.java:52)&#13;
	at com.ctli.it.qa.taskmanager.tools.steps.user.TaskManagerUserSteps$$EnhancerByCGLIB$$7a2e25df.&lt;init&gt;(&lt;generated&gt;)&#13;
	at sun.reflect.NativeConstructorAccessorImpl.newInstance0(Native Method)&#13;
	at sun.reflect.NativeConstructorAccessorImpl.newInstance(Unknown Source)&#13;
	at sun.reflect.DelegatingConstructorAccessorImpl.newInstance(Unknown Source)&#13;
	at java.lang.reflect.Constructor.newInstance(Unknown Source)&#13;
	at net.sf.cglib.core.ReflectUtils.newInstance(ReflectUtils.java:228)&#13;
	at net.sf.cglib.core.ReflectUtils.newInstance(ReflectUtils.java:220)&#13;
	at net.sf.cglib.core.ReflectUtils.newInstance(ReflectUtils.java:216)&#13;
	at net.sf.cglib.proxy.Enhancer.createUsingReflection(Enhancer.java:643)&#13;
	at net.sf.cglib.proxy.Enhancer.firstInstance(Enhancer.java:538)&#13;
	at net.sf.cglib.core.AbstractClassGenerator.create(AbstractClassGenerator.java:225)&#13;
	at net.sf.cglib.proxy.Enhancer.createHelper(Enhancer.java:377)&#13;
	at net.sf.cglib.proxy.Enhancer.create(Enhancer.java:285)&#13;
	at net.thucydides.core.steps.StepFactory.webEnabledStepLibrary(StepFactory.java:202)&#13;
	at net.thucydides.core.steps.StepFactory.createProxyStepLibrary(StepFactory.java:164)&#13;
	at net.thucydides.core.steps.StepFactory.instantiateNewStepLibraryFor(StepFactory.java:117)&#13;
	at net.thucydides.core.steps.StepFactory.instantiateNewStepLibraryFor(StepFactory.java:109)&#13;
	at net.thucydides.core.steps.StepFactory.getNewStepLibraryFor(StepFactory.java:77)&#13;
	at net.thucydides.core.steps.StepFactory.getStepLibraryFor(StepFactory.java:72)&#13;
	at net.thucydides.core.steps.StepAnnotations.instantiateAnyUnitiaializedSteps(StepAnnotations.java:52)&#13;
	at net.thucydides.core.steps.StepAnnotations.instanciateScenarioStepFields(StepAnnotations.java:41)&#13;
	at net.thucydides.core.steps.StepAnnotations.injectScenarioStepsInto(StepAnnotations.java:23)&#13;
	at net.serenitybdd.core.Serenity.injectScenarioStepsInto(Serenity.java:142)&#13;
	at net.serenitybdd.core.Serenity.initializeWithNoStepListener(Serenity.java:98)&#13;
	at cucumber.runtime.SerenityObjectFactory.newInstance(SerenityObjectFactory.java:68)&#13;
	at cucumber.runtime.SerenityObjectFactory.cacheNewInstance(SerenityObjectFactory.java:51)&#13;
	at cucumber.runtime.SerenityObjectFactory.getInstance(SerenityObjectFactory.java:41)&#13;
	at cucumber.runtime.java.JavaStepDefinition.execute(JavaStepDefinition.java:38)&#13;
	at cucumber.runtime.StepDefinitionMatch.runStep(StepDefinitionMatch.java:37)&#13;
	at cucumber.runtime.Runtime.runStep(Runtime.java:299)&#13;
	at cucumber.runtime.model.StepContainer.runStep(StepContainer.java:44)&#13;
	at cucumber.runtime.model.StepContainer.runSteps(StepContainer.java:39)&#13;
	at cucumber.runtime.model.CucumberScenario.run(CucumberScenario.java:44)&#13;
	at cucumber.runtime.junit.ExecutionUnitRunner.run(ExecutionUnitRunner.java:91)&#13;
	at cucumber.runtime.junit.FeatureRunner.runChild(FeatureRunner.java:63)&#13;
	at cucumber.runtime.junit.FeatureRunner.runChild(FeatureRunner.java:18)&#13;
	at org.junit.runners.ParentRunner$3.run(ParentRunner.java:290)&#13;
	at org.junit.runners.ParentRunner$1.schedule(ParentRunner.java:71)&#13;
	at org.junit.runners.ParentRunner.runChildren(ParentRunner.java:288)&#13;
	at org.junit.runners.ParentRunner.access$000(ParentRunner.java:58)&#13;
	at org.junit.runners.ParentRunner$2.evaluate(ParentRunner.java:268)&#13;
	at org.junit.runners.ParentRunner.run(ParentRunner.java:363)&#13;
	at cucumber.runtime.junit.FeatureRunner.run(FeatureRunner.java:70)&#13;
	at cucumber.api.junit.Cucumber.runChild(Cucumber.java:93)&#13;
	at cucumber.api.junit.Cucumber.runChild(Cucumber.java:37)&#13;
	at org.junit.runners.ParentRunner$3.run(ParentRunner.java:290)&#13;
	at org.junit.runners.ParentRunner$1.schedule(ParentRunner.java:71)&#13;
	at org.junit.runners.ParentRunner.runChildren(ParentRunner.java:288)&#13;
	at org.junit.runners.ParentRunner.access$000(ParentRunner.java:58)&#13;
	at org.junit.runners.ParentRunner$2.evaluate(ParentRunner.java:268)&#13;
	at org.junit.internal.runners.statements.RunBefores.evaluate(RunBefores.java:26)&#13;
	at org.junit.runners.ParentRunner.run(ParentRunner.java:363)&#13;
	at cucumber.api.junit.Cucumber.run(Cucumber.java:98)&#13;
	at org.eclipse.jdt.internal.junit4.runner.JUnit4TestReference.run(JUnit4TestReference.java:86)&#13;
	at org.eclipse.jdt.internal.junit.runner.TestExecution.run(TestExecution.java:38)&#13;
	at org.eclipse.jdt.internal.junit.runner.RemoteTestRunner.runTests(RemoteTestRunner.java:459)&#13;
	at org.eclipse.jdt.internal.junit.runner.RemoteTestRunner.runTests(RemoteTestRunner.java:675)&#13;
	at org.eclipse.jdt.internal.junit.runner.RemoteTestRunner.run(RemoteTestRunner.java:382)&#13;
	at org.eclipse.jdt.internal.junit.runner.RemoteTestRunner.main(RemoteTestRunner.java:192)&#13;
&#13;
</error>
        </testcase>
        <testcase name="When I click on the Admin under that  fallouts the Fallout page should come" classname="Scenario: Title of your scenario" time="0.002" ignored="true"/>
        <testcase name="Then I complete action" classname="Scenario: Title of your scenario" time="0.803" ignored="true"/>
      </testsuite>
    </testsuite>
  </testsuite>
</testrun>
